C:\USERS\BLACK2\DESKTOP\PROJECTS VISUAL STUDIO CPP\CALCULATOR\CALCULATOR\DEBUG\.NETFRAMEWORK,VERSION=V4.0.ASSEMBLYATTRIBUTES.OBJ
C:\USERS\BLACK2\DESKTOP\PROJECTS VISUAL STUDIO CPP\CALCULATOR\CALCULATOR\DEBUG\APP.RES
C:\USERS\BLACK2\DESKTOP\PROJECTS VISUAL STUDIO CPP\CALCULATOR\CALCULATOR\DEBUG\ASSEMBLYINFO.OBJ
C:\USERS\BLACK2\DESKTOP\PROJECTS VISUAL STUDIO CPP\CALCULATOR\CALCULATOR\DEBUG\CALCULATOR.EXE.INTERMEDIATE.MANIFEST
C:\Users\Black2\Desktop\projects visual studio cpp\calculator\calculator\Debug\calculator.Form1.resources
C:\USERS\BLACK2\DESKTOP\PROJECTS VISUAL STUDIO CPP\CALCULATOR\CALCULATOR\DEBUG\CALCULATOR.OBJ
C:\USERS\BLACK2\DESKTOP\PROJECTS VISUAL STUDIO CPP\CALCULATOR\CALCULATOR\DEBUG\CALCULATOR.PCH
C:\Users\Black2\Desktop\projects visual studio cpp\calculator\calculator\Debug\calculator.vcxproj.GenerateResource.Cache
C:\Users\Black2\Desktop\projects visual studio cpp\calculator\calculator\Debug\calculator.vcxprojResolveAssemblyReference.cache
C:\Users\Black2\Desktop\projects visual studio cpp\calculator\calculator\Debug\calculator.write.1.tlog
C:\Users\Black2\Desktop\projects visual studio cpp\calculator\calculator\Debug\cl.command.1.tlog
C:\Users\Black2\Desktop\projects visual studio cpp\calculator\calculator\Debug\CL.read.1.tlog
C:\Users\Black2\Desktop\projects visual studio cpp\calculator\calculator\Debug\CL.write.1.tlog
C:\Users\Black2\Desktop\projects visual studio cpp\calculator\calculator\Debug\link.command.1.tlog
C:\Users\Black2\Desktop\projects visual studio cpp\calculator\calculator\Debug\link.read.1.tlog
C:\Users\Black2\Desktop\projects visual studio cpp\calculator\calculator\Debug\link.write.1.tlog
C:\Users\Black2\Desktop\projects visual studio cpp\calculator\calculator\Debug\link-cvtres.read.1.tlog
C:\Users\Black2\Desktop\projects visual studio cpp\calculator\calculator\Debug\link-cvtres.write.1.tlog
C:\Users\Black2\Desktop\projects visual studio cpp\calculator\calculator\Debug\mt.command.1.tlog
C:\Users\Black2\Desktop\projects visual studio cpp\calculator\calculator\Debug\mt.read.1.tlog
C:\Users\Black2\Desktop\projects visual studio cpp\calculator\calculator\Debug\mt.write.1.tlog
C:\Users\Black2\Desktop\projects visual studio cpp\calculator\calculator\Debug\rc.command.1.tlog
C:\Users\Black2\Desktop\projects visual studio cpp\calculator\calculator\Debug\rc.read.1.tlog
C:\Users\Black2\Desktop\projects visual studio cpp\calculator\calculator\Debug\rc.write.1.tlog
C:\USERS\BLACK2\DESKTOP\PROJECTS VISUAL STUDIO CPP\CALCULATOR\CALCULATOR\DEBUG\STDAFX.OBJ
C:\USERS\BLACK2\DESKTOP\PROJECTS VISUAL STUDIO CPP\CALCULATOR\CALCULATOR\DEBUG\VC100.PDB
C:\USERS\BLACK2\DESKTOP\PROJECTS VISUAL STUDIO CPP\CALCULATOR\DEBUG\CALCULATOR.EXE
C:\USERS\BLACK2\DESKTOP\PROJECTS VISUAL STUDIO CPP\CALCULATOR\DEBUG\CALCULATOR.PDB
