Build started 11/10/2023 2:01:46 PM.
     1>Project "D:\codes and programming\projects visual studio c++\calculator\calculator\calculator.vcxproj" on node 2 (build target(s)).
     1>InitializeBuildStatus:
         Creating "Debug\calculator.unsuccessfulbuild" because "AlwaysCreate" was specified.
       GenerateTargetFrameworkMonikerAttribute:
       Skipping target "GenerateTargetFrameworkMonikerAttribute" because all output files are up-to-date with respect to the input files.
       ClCompile:
         All outputs are up-to-date.
         All outputs are up-to-date.
         All outputs are up-to-date.
       CoreResGen:
         No resources are out of date with respect to their source files. Skipping resource generation.
       ResourceCompile:
         All outputs are up-to-date.
       Link:
         All outputs are up-to-date.
         calculator.vcxproj -> D:\codes and programming\projects visual studio c++\calculator\Debug\calculator.exe
       FinalizeBuildStatus:
         Deleting file "Debug\calculator.unsuccessfulbuild".
         Touching "Debug\calculator.lastbuildstate".
     1>Done Building Project "D:\codes and programming\projects visual studio c++\calculator\calculator\calculator.vcxproj" (build target(s)).

Build succeeded.

Time Elapsed 00:00:00.14
